<?xml version="1.0" encoding="UTF-8"?>
<testng-results skipped="0" failed="0" ignored="0" total="1" passed="1">
  <reporter-output>
  </reporter-output>
  <suite name="Default suite" duration-ms="12953" started-at="2020-05-15T17:10:35 IST" finished-at="2020-05-15T17:10:48 IST">
    <groups>
    </groups>
    <test name="Default test" duration-ms="12953" started-at="2020-05-15T17:10:35 IST" finished-at="2020-05-15T17:10:48 IST">
      <class name="com.tests.MobileBasicTest">
        <test-method status="PASS" signature="setup()[pri:0, instance:com.tests.MobileBasicTest@612fc6eb]" name="setup" is-config="true" duration-ms="9451" started-at="2020-05-15T17:10:35 IST" finished-at="2020-05-15T17:10:44 IST">
          <reporter-output>
          </reporter-output>
        </test-method> <!-- setup -->
        <test-method status="PASS" signature="testPushNoti()[pri:0, instance:com.tests.MobileBasicTest@612fc6eb]" name="testPushNoti" duration-ms="3071" started-at="2020-05-15T17:10:44 IST" finished-at="2020-05-15T17:10:47 IST">
          <reporter-output>
          </reporter-output>
        </test-method> <!-- testPushNoti -->
        <test-method status="PASS" signature="tearDown()[pri:0, instance:com.tests.MobileBasicTest@612fc6eb]" name="tearDown" is-config="true" duration-ms="409" started-at="2020-05-15T17:10:47 IST" finished-at="2020-05-15T17:10:48 IST">
          <reporter-output>
          </reporter-output>
        </test-method> <!-- tearDown -->
      </class> <!-- com.tests.MobileBasicTest -->
    </test> <!-- Default test -->
  </suite> <!-- Default suite -->
</testng-results>
